# JRE version: OpenJDK Runtime Environment (8.0_212-b01) (build 1.8.0_212-b01)
# Java VM: OpenJDK 64-Bit Server VM (25.212-b01 mixed mode linux-amd64 compressed oops)
Heap:
 PSYoungGen      total 54272K, used 6639K [0x00000000ec100000, 0x00000000f0880000, 0x0000000100000000)
  eden space 47616K, 0% used [0x00000000ec100000,0x00000000ec100000,0x00000000eef80000)
  from space 6656K, 99% used [0x00000000efb80000,0x00000000f01fbd10,0x00000000f0200000)
  to   space 4608K, 0% used [0x00000000f0400000,0x00000000f0400000,0x00000000f0880000)
 ParOldGen       total 34816K, used 12994K [0x00000000c4200000, 0x00000000c6400000, 0x00000000ec100000)
  object space 34816K, 37% used [0x00000000c4200000,0x00000000c4eb0b58,0x00000000c6400000)
 Metaspace       used 27308K, capacity 28540K, committed 28800K, reserved 1075200K
  class space    used 3576K, capacity 3850K, committed 3968K, reserved 1048576K
GC Heap History (10 events):
Event: 1,196 GC heap after
Heap after GC invocations=3 (full 0):
 PSYoungGen      total 17920K, used 2560K [0x00000000ec100000, 0x00000000ee400000, 0x0000000100000000)
  eden space 15360K, 0% used [0x00000000ec100000,0x00000000ec100000,0x00000000ed000000)
  from space 2560K, 100% used [0x00000000ed000000,0x00000000ed280000,0x00000000ed280000)
  to   space 2560K, 0% used [0x00000000ee180000,0x00000000ee180000,0x00000000ee400000)
 ParOldGen       total 40960K, used 4372K [0x00000000c4200000, 0x00000000c6a00000, 0x00000000ec100000)
  object space 40960K, 10% used [0x00000000c4200000,0x00000000c4645388,0x00000000c6a00000)
 Metaspace       used 14301K, capacity 14802K, committed 14848K, reserved 1062912K
  class space    used 1871K, capacity 2025K, committed 2048K, reserved 1048576K
}
Event: 1,275 GC heap before
{Heap before GC invocations=4 (full 0):
 PSYoungGen      total 17920K, used 17920K [0x00000000ec100000, 0x00000000ee400000, 0x0000000100000000)
  eden space 15360K, 100% used [0x00000000ec100000,0x00000000ed000000,0x00000000ed000000)
  from space 2560K, 100% used [0x00000000ed000000,0x00000000ed280000,0x00000000ed280000)
  to   space 2560K, 0% used [0x00000000ee180000,0x00000000ee180000,0x00000000ee400000)
 ParOldGen       total 40960K, used 4372K [0x00000000c4200000, 0x00000000c6a00000, 0x00000000ec100000)
  object space 40960K, 10% used [0x00000000c4200000,0x00000000c4645388,0x00000000c6a00000)
 Metaspace       used 16052K, capacity 16526K, committed 16640K, reserved 1062912K
  class space    used 2110K, capacity 2233K, committed 2304K, reserved 1048576K
Event: 1,279 GC heap after
Heap after GC invocations=4 (full 0):
 PSYoungGen      total 33280K, used 2560K [0x00000000ec100000, 0x00000000ee400000, 0x0000000100000000)
  eden space 30720K, 0% used [0x00000000ec100000,0x00000000ec100000,0x00000000edf00000)
  from space 2560K, 100% used [0x00000000ee180000,0x00000000ee400000,0x00000000ee400000)
  to   space 2560K, 0% used [0x00000000edf00000,0x00000000edf00000,0x00000000ee180000)
 ParOldGen       total 40960K, used 6519K [0x00000000c4200000, 0x00000000c6a00000, 0x00000000ec100000)
  object space 40960K, 15% used [0x00000000c4200000,0x00000000c485dfb8,0x00000000c6a00000)
 Metaspace       used 16052K, capacity 16526K, committed 16640K, reserved 1062912K
  class space    used 2110K, capacity 2233K, committed 2304K, reserved 1048576K
}
Event: 1,587 GC heap before
{Heap before GC invocations=5 (full 0):
 PSYoungGen      total 33280K, used 32028K [0x00000000ec100000, 0x00000000ee400000, 0x0000000100000000)
  eden space 30720K, 95% used [0x00000000ec100000,0x00000000eddc73b8,0x00000000edf00000)
  from space 2560K, 100% used [0x00000000ee180000,0x00000000ee400000,0x00000000ee400000)
  to   space 2560K, 0% used [0x00000000edf00000,0x00000000edf00000,0x00000000ee180000)
 ParOldGen       total 40960K, used 6519K [0x00000000c4200000, 0x00000000c6a00000, 0x00000000ec100000)
  object space 40960K, 15% used [0x00000000c4200000,0x00000000c485dfb8,0x00000000c6a00000)
 Metaspace       used 20593K, capacity 21170K, committed 21296K, reserved 1067008K
  class space    used 2670K, capacity 2819K, committed 2944K, reserved 1048576K
Event: 1,601 GC heap after
Heap after GC invocations=5 (full 0):
 PSYoungGen      total 33280K, used 2543K [0x00000000ec100000, 0x00000000f0b00000, 0x0000000100000000)
  eden space 30720K, 0% used [0x00000000ec100000,0x00000000ec100000,0x00000000edf00000)
  from space 2560K, 99% used [0x00000000edf00000,0x00000000ee17bea8,0x00000000ee180000)
  to   space 7168K, 0% used [0x00000000f0400000,0x00000000f0400000,0x00000000f0b00000)
 ParOldGen       total 40960K, used 11021K [0x00000000c4200000, 0x00000000c6a00000, 0x00000000ec100000)
  object space 40960K, 26% used [0x00000000c4200000,0x00000000c4cc36c0,0x00000000c6a00000)
 Metaspace       used 20593K, capacity 21170K, committed 21296K, reserved 1067008K
  class space    used 2670K, capacity 2819K, committed 2944K, reserved 1048576K
}
Event: 1,602 GC heap before
{Heap before GC invocations=6 (full 1):
 PSYoungGen      total 33280K, used 2543K [0x00000000ec100000, 0x00000000f0b00000, 0x0000000100000000)
  eden space 30720K, 0% used [0x00000000ec100000,0x00000000ec100000,0x00000000edf00000)
  from space 2560K, 99% used [0x00000000edf00000,0x00000000ee17bea8,0x00000000ee180000)
  to   space 7168K, 0% used [0x00000000f0400000,0x00000000f0400000,0x00000000f0b00000)
 ParOldGen       total 40960K, used 11021K [0x00000000c4200000, 0x00000000c6a00000, 0x00000000ec100000)
  object space 40960K, 26% used [0x00000000c4200000,0x00000000c4cc36c0,0x00000000c6a00000)
 Metaspace       used 20593K, capacity 21170K, committed 21296K, reserved 1067008K
  class space    used 2670K, capacity 2819K, committed 2944K, reserved 1048576K
Event: 1,639 GC heap after
Heap after GC invocations=6 (full 1):
 PSYoungGen      total 33280K, used 0K [0x00000000ec100000, 0x00000000f0b00000, 0x0000000100000000)
  eden space 30720K, 0% used [0x00000000ec100000,0x00000000ec100000,0x00000000edf00000)
  from space 2560K, 0% used [0x00000000edf00000,0x00000000edf00000,0x00000000ee180000)
  to   space 7168K, 0% used [0x00000000f0400000,0x00000000f0400000,0x00000000f0b00000)
 ParOldGen       total 34816K, used 8092K [0x00000000c4200000, 0x00000000c6400000, 0x00000000ec100000)
  object space 34816K, 23% used [0x00000000c4200000,0x00000000c49e7050,0x00000000c6400000)
 Metaspace       used 20592K, capacity 21164K, committed 21296K, reserved 1067008K
  class space    used 2669K, capacity 2818K, committed 2944K, reserved 1048576K
}
Event: 2,870 GC heap before
{Heap before GC invocations=7 (full 1):
 PSYoungGen      total 33280K, used 30720K [0x00000000ec100000, 0x00000000f0b00000, 0x0000000100000000)
  eden space 30720K, 100% used [0x00000000ec100000,0x00000000edf00000,0x00000000edf00000)
  from space 2560K, 0% used [0x00000000edf00000,0x00000000edf00000,0x00000000ee180000)
  to   space 7168K, 0% used [0x00000000f0400000,0x00000000f0400000,0x00000000f0b00000)
 ParOldGen       total 34816K, used 8092K [0x00000000c4200000, 0x00000000c6400000, 0x00000000ec100000)
  object space 34816K, 23% used [0x00000000c4200000,0x00000000c49e7050,0x00000000c6400000)
 Metaspace       used 22427K, capacity 23204K, committed 23424K, reserved 1069056K
  class space    used 2941K, capacity 3150K, committed 3200K, reserved 1048576K
Event: 2,899 GC heap after
Heap after GC invocations=7 (full 1):
 PSYoungGen      total 52224K, used 4164K [0x00000000ec100000, 0x00000000f0880000, 0x0000000100000000)
  eden space 47616K, 0% used [0x00000000ec100000,0x00000000ec100000,0x00000000eef80000)
  from space 4608K, 90% used [0x00000000f0400000,0x00000000f08113f0,0x00000000f0880000)
  to   space 6656K, 0% used [0x00000000efb80000,0x00000000efb80000,0x00000000f0200000)
 ParOldGen       total 34816K, used 8164K [0x00000000c4200000, 0x00000000c6400000, 0x00000000ec100000)
  object space 34816K, 23% used [0x00000000c4200000,0x00000000c49f9060,0x00000000c6400000)
 Metaspace       used 22427K, capacity 23204K, committed 23424K, reserved 1069056K
  class space    used 2941K, capacity 3150K, committed 3200K, reserved 1048576K
}
Event: 4,793 GC heap before
{Heap before GC invocations=8 (full 1):
 PSYoungGen      total 52224K, used 51780K [0x00000000ec100000, 0x00000000f0880000, 0x0000000100000000)
  eden space 47616K, 100% used [0x00000000ec100000,0x00000000eef80000,0x00000000eef80000)
  from space 4608K, 90% used [0x00000000f0400000,0x00000000f08113f0,0x00000000f0880000)
  to   space 6656K, 0% used [0x00000000efb80000,0x00000000efb80000,0x00000000f0200000)
 ParOldGen       total 34816K, used 8164K [0x00000000c4200000, 0x00000000c6400000, 0x00000000ec100000)
  object space 34816K, 23% used [0x00000000c4200000,0x00000000c49f9060,0x00000000c6400000)
 Metaspace       used 27308K, capacity 28540K, committed 28800K, reserved 1075200K
  class space    used 3576K, capacity 3850K, committed 3968K, reserved 1048576K

