# JRE version: OpenJDK Runtime Environment (8.0_212-b01) (build 1.8.0_212-b01)
# Java VM: OpenJDK 64-Bit Server VM (25.212-b01 mixed mode linux-amd64 compressed oops)
Heap:
 PSYoungGen      total 68608K, used 7153K [0x00000000ec100000, 0x00000000f0b00000, 0x0000000100000000)
  eden space 61440K, 0% used [0x00000000ec100000,0x00000000ec100000,0x00000000efd00000)
  from space 7168K, 99% used [0x00000000efd00000,0x00000000f03fc4f0,0x00000000f0400000)
  to   space 7168K, 0% used [0x00000000f0400000,0x00000000f0400000,0x00000000f0b00000)
 ParOldGen       total 28160K, used 5239K [0x00000000c4200000, 0x00000000c5d80000, 0x00000000ec100000)
  object space 28160K, 18% used [0x00000000c4200000,0x00000000c471dd20,0x00000000c5d80000)
 Metaspace       used 24975K, capacity 26222K, committed 26496K, reserved 1073152K
  class space    used 3305K, capacity 3591K, committed 3712K, reserved 1048576K
GC Heap History (10 events):
Event: 1,015 GC heap after
Heap after GC invocations=3 (full 0):
 PSYoungGen      total 17920K, used 2544K [0x00000000ec100000, 0x00000000ee400000, 0x0000000100000000)
  eden space 15360K, 0% used [0x00000000ec100000,0x00000000ec100000,0x00000000ed000000)
  from space 2560K, 99% used [0x00000000ed000000,0x00000000ed27c010,0x00000000ed280000)
  to   space 2560K, 0% used [0x00000000ee180000,0x00000000ee180000,0x00000000ee400000)
 ParOldGen       total 40960K, used 4327K [0x00000000c4200000, 0x00000000c6a00000, 0x00000000ec100000)
  object space 40960K, 10% used [0x00000000c4200000,0x00000000c4639d60,0x00000000c6a00000)
 Metaspace       used 14271K, capacity 14770K, committed 14848K, reserved 1062912K
  class space    used 1864K, capacity 1993K, committed 2048K, reserved 1048576K
}
Event: 1,091 GC heap before
{Heap before GC invocations=4 (full 0):
 PSYoungGen      total 17920K, used 17904K [0x00000000ec100000, 0x00000000ee400000, 0x0000000100000000)
  eden space 15360K, 100% used [0x00000000ec100000,0x00000000ed000000,0x00000000ed000000)
  from space 2560K, 99% used [0x00000000ed000000,0x00000000ed27c010,0x00000000ed280000)
  to   space 2560K, 0% used [0x00000000ee180000,0x00000000ee180000,0x00000000ee400000)
 ParOldGen       total 40960K, used 4327K [0x00000000c4200000, 0x00000000c6a00000, 0x00000000ec100000)
  object space 40960K, 10% used [0x00000000c4200000,0x00000000c4639d60,0x00000000c6a00000)
 Metaspace       used 15957K, capacity 16398K, committed 16640K, reserved 1062912K
  class space    used 2101K, capacity 2233K, committed 2304K, reserved 1048576K
Event: 1,095 GC heap after
Heap after GC invocations=4 (full 0):
 PSYoungGen      total 33280K, used 2560K [0x00000000ec100000, 0x00000000ee400000, 0x0000000100000000)
  eden space 30720K, 0% used [0x00000000ec100000,0x00000000ec100000,0x00000000edf00000)
  from space 2560K, 100% used [0x00000000ee180000,0x00000000ee400000,0x00000000ee400000)
  to   space 2560K, 0% used [0x00000000edf00000,0x00000000edf00000,0x00000000ee180000)
 ParOldGen       total 40960K, used 6445K [0x00000000c4200000, 0x00000000c6a00000, 0x00000000ec100000)
  object space 40960K, 15% used [0x00000000c4200000,0x00000000c484b5d0,0x00000000c6a00000)
 Metaspace       used 15957K, capacity 16398K, committed 16640K, reserved 1062912K
  class space    used 2101K, capacity 2233K, committed 2304K, reserved 1048576K
}
Event: 1,306 GC heap before
{Heap before GC invocations=5 (full 0):
 PSYoungGen      total 33280K, used 33280K [0x00000000ec100000, 0x00000000ee400000, 0x0000000100000000)
  eden space 30720K, 100% used [0x00000000ec100000,0x00000000edf00000,0x00000000edf00000)
  from space 2560K, 100% used [0x00000000ee180000,0x00000000ee400000,0x00000000ee400000)
  to   space 2560K, 0% used [0x00000000edf00000,0x00000000edf00000,0x00000000ee180000)
 ParOldGen       total 40960K, used 6445K [0x00000000c4200000, 0x00000000c6a00000, 0x00000000ec100000)
  object space 40960K, 15% used [0x00000000c4200000,0x00000000c484b5d0,0x00000000c6a00000)
 Metaspace       used 20289K, capacity 20882K, committed 20992K, reserved 1067008K
  class space    used 2638K, capacity 2787K, committed 2816K, reserved 1048576K
Event: 1,314 GC heap after
Heap after GC invocations=5 (full 0):
 PSYoungGen      total 33280K, used 2557K [0x00000000ec100000, 0x00000000f0b00000, 0x0000000100000000)
  eden space 30720K, 0% used [0x00000000ec100000,0x00000000ec100000,0x00000000edf00000)
  from space 2560K, 99% used [0x00000000edf00000,0x00000000ee17f450,0x00000000ee180000)
  to   space 7168K, 0% used [0x00000000f0400000,0x00000000f0400000,0x00000000f0b00000)
 ParOldGen       total 40960K, used 11054K [0x00000000c4200000, 0x00000000c6a00000, 0x00000000ec100000)
  object space 40960K, 26% used [0x00000000c4200000,0x00000000c4ccb958,0x00000000c6a00000)
 Metaspace       used 20289K, capacity 20882K, committed 20992K, reserved 1067008K
  class space    used 2638K, capacity 2787K, committed 2816K, reserved 1048576K
}
Event: 1,328 GC heap before
{Heap before GC invocations=6 (full 0):
 PSYoungGen      total 33280K, used 3533K [0x00000000ec100000, 0x00000000f0b00000, 0x0000000100000000)
  eden space 30720K, 3% used [0x00000000ec100000,0x00000000ec1f4248,0x00000000edf00000)
  from space 2560K, 99% used [0x00000000edf00000,0x00000000ee17f450,0x00000000ee180000)
  to   space 7168K, 0% used [0x00000000f0400000,0x00000000f0400000,0x00000000f0b00000)
 ParOldGen       total 40960K, used 11054K [0x00000000c4200000, 0x00000000c6a00000, 0x00000000ec100000)
  object space 40960K, 26% used [0x00000000c4200000,0x00000000c4ccb958,0x00000000c6a00000)
 Metaspace       used 20635K, capacity 21202K, committed 21296K, reserved 1067008K
  class space    used 2675K, capacity 2851K, committed 2944K, reserved 1048576K
Event: 1,331 GC heap after
Heap after GC invocations=6 (full 0):
 PSYoungGen      total 68608K, used 2682K [0x00000000ec100000, 0x00000000f0b00000, 0x0000000100000000)
  eden space 61440K, 0% used [0x00000000ec100000,0x00000000ec100000,0x00000000efd00000)
  from space 7168K, 37% used [0x00000000f0400000,0x00000000f069e940,0x00000000f0b00000)
  to   space 7168K, 0% used [0x00000000efd00000,0x00000000efd00000,0x00000000f0400000)
 ParOldGen       total 40960K, used 11054K [0x00000000c4200000, 0x00000000c6a00000, 0x00000000ec100000)
  object space 40960K, 26% used [0x00000000c4200000,0x00000000c4ccb958,0x00000000c6a00000)
 Metaspace       used 20635K, capacity 21202K, committed 21296K, reserved 1067008K
  class space    used 2675K, capacity 2851K, committed 2944K, reserved 1048576K
}
Event: 1,331 GC heap before
{Heap before GC invocations=7 (full 1):
 PSYoungGen      total 68608K, used 2682K [0x00000000ec100000, 0x00000000f0b00000, 0x0000000100000000)
  eden space 61440K, 0% used [0x00000000ec100000,0x00000000ec100000,0x00000000efd00000)
  from space 7168K, 37% used [0x00000000f0400000,0x00000000f069e940,0x00000000f0b00000)
  to   space 7168K, 0% used [0x00000000efd00000,0x00000000efd00000,0x00000000f0400000)
 ParOldGen       total 40960K, used 11054K [0x00000000c4200000, 0x00000000c6a00000, 0x00000000ec100000)
  object space 40960K, 26% used [0x00000000c4200000,0x00000000c4ccb958,0x00000000c6a00000)
 Metaspace       used 20635K, capacity 21202K, committed 21296K, reserved 1067008K
  class space    used 2675K, capacity 2851K, committed 2944K, reserved 1048576K
Event: 1,362 GC heap after
Heap after GC invocations=7 (full 1):
 PSYoungGen      total 68608K, used 0K [0x00000000ec100000, 0x00000000f0b00000, 0x0000000100000000)
  eden space 61440K, 0% used [0x00000000ec100000,0x00000000ec100000,0x00000000efd00000)
  from space 7168K, 0% used [0x00000000f0400000,0x00000000f0400000,0x00000000f0b00000)
  to   space 7168K, 0% used [0x00000000efd00000,0x00000000efd00000,0x00000000f0400000)
 ParOldGen       total 28160K, used 5004K [0x00000000c4200000, 0x00000000c5d80000, 0x00000000ec100000)
  object space 28160K, 17% used [0x00000000c4200000,0x00000000c46e33b0,0x00000000c5d80000)
 Metaspace       used 20633K, capacity 21196K, committed 21296K, reserved 1067008K
  class space    used 2675K, capacity 2850K, committed 2944K, reserved 1048576K
}
Event: 12,561 GC heap before
{Heap before GC invocations=8 (full 1):
 PSYoungGen      total 68608K, used 61440K [0x00000000ec100000, 0x00000000f0b00000, 0x0000000100000000)
  eden space 61440K, 100% used [0x00000000ec100000,0x00000000efd00000,0x00000000efd00000)
  from space 7168K, 0% used [0x00000000f0400000,0x00000000f0400000,0x00000000f0b00000)
  to   space 7168K, 0% used [0x00000000efd00000,0x00000000efd00000,0x00000000f0400000)
 ParOldGen       total 28160K, used 5004K [0x00000000c4200000, 0x00000000c5d80000, 0x00000000ec100000)
  object space 28160K, 17% used [0x00000000c4200000,0x00000000c46e33b0,0x00000000c5d80000)
 Metaspace       used 24975K, capacity 26222K, committed 26496K, reserved 1073152K
  class space    used 3305K, capacity 3591K, committed 3712K, reserved 1048576K

